  Main.cpp
C:\Users\benjy\OneDrive\Desktop\uni shit\GraphicsProgram\raytracing\GCP_Raytracer_Framework\Main.cpp(109,17): warning C4244: 'initializing': conversion from 'T' to 'float', possible loss of data
C:\Users\benjy\OneDrive\Desktop\uni shit\GraphicsProgram\raytracing\GCP_Raytracer_Framework\Main.cpp(109,17): warning C4244:         with
C:\Users\benjy\OneDrive\Desktop\uni shit\GraphicsProgram\raytracing\GCP_Raytracer_Framework\Main.cpp(109,17): warning C4244:         [
C:\Users\benjy\OneDrive\Desktop\uni shit\GraphicsProgram\raytracing\GCP_Raytracer_Framework\Main.cpp(109,17): warning C4244:             T=int
C:\Users\benjy\OneDrive\Desktop\uni shit\GraphicsProgram\raytracing\GCP_Raytracer_Framework\Main.cpp(109,17): warning C4244:         ]
C:\Users\benjy\OneDrive\Desktop\uni shit\GraphicsProgram\raytracing\GCP_Raytracer_Framework\Main.cpp(110,17): warning C4244: 'initializing': conversion from 'T' to 'float', possible loss of data
C:\Users\benjy\OneDrive\Desktop\uni shit\GraphicsProgram\raytracing\GCP_Raytracer_Framework\Main.cpp(110,17): warning C4244:         with
C:\Users\benjy\OneDrive\Desktop\uni shit\GraphicsProgram\raytracing\GCP_Raytracer_Framework\Main.cpp(110,17): warning C4244:         [
C:\Users\benjy\OneDrive\Desktop\uni shit\GraphicsProgram\raytracing\GCP_Raytracer_Framework\Main.cpp(110,17): warning C4244:             T=int
C:\Users\benjy\OneDrive\Desktop\uni shit\GraphicsProgram\raytracing\GCP_Raytracer_Framework\Main.cpp(110,17): warning C4244:         ]
C:\Users\benjy\OneDrive\Desktop\uni shit\GraphicsProgram\raytracing\GCP_Raytracer_Framework\Main.cpp(111,17): warning C4244: 'initializing': conversion from 'int' to 'float', possible loss of data
C:\Users\benjy\OneDrive\Desktop\uni shit\GraphicsProgram\raytracing\GCP_Raytracer_Framework\Main.cpp(112,22): warning C4244: 'initializing': conversion from 'int' to 'float', possible loss of data
C:\Users\benjy\OneDrive\Desktop\uni shit\GraphicsProgram\raytracing\GCP_Raytracer_Framework\Main.cpp(152,23): warning C4244: 'initializing': conversion from '_Rep' to 'int', possible loss of data
C:\Users\benjy\OneDrive\Desktop\uni shit\GraphicsProgram\raytracing\GCP_Raytracer_Framework\Main.cpp(152,23): warning C4244:         with
C:\Users\benjy\OneDrive\Desktop\uni shit\GraphicsProgram\raytracing\GCP_Raytracer_Framework\Main.cpp(152,23): warning C4244:         [
C:\Users\benjy\OneDrive\Desktop\uni shit\GraphicsProgram\raytracing\GCP_Raytracer_Framework\Main.cpp(152,23): warning C4244:             _Rep=__int64
C:\Users\benjy\OneDrive\Desktop\uni shit\GraphicsProgram\raytracing\GCP_Raytracer_Framework\Main.cpp(152,23): warning C4244:         ]
C:\Users\benjy\OneDrive\Desktop\uni shit\GraphicsProgram\raytracing\GCP_Raytracer_Framework\Main.cpp(102,9): warning C4101: 'Ray': unreferenced local variable
  GCP_Raytracer_Framework.vcxproj -> C:\Users\benjy\OneDrive\Desktop\uni shit\GraphicsProgram\raytracing\Debug\GCP_Raytracer_Framework.exe
